<?xml version="1.0" encoding="UTF-8" ?>
<testsuite tests="15" failures="0" name="GeneralaTest" time="0.005" errors="0" skipped="0">
  <properties>
[...]
</properties>
  <testcase classname="GeneralaTest" name="chance_scores_sum_of_all_dice" time="0.004"/>
  <testcase classname="GeneralaTest" name="fullHouse" time="0"/>
  <testcase classname="GeneralaTest" name="test_1s" time="0"/>
  <testcase classname="GeneralaTest" name="test_2s" time="0"/>
  <testcase classname="GeneralaTest" name="smallStraight" time="0"/>
  <testcase classname="GeneralaTest" name="sixes_test" time="0"/>
  <testcase classname="GeneralaTest" name="test_threes" time="0"/>
  <testcase classname="GeneralaTest" name="four_of_a_knd" time="0.001"/>
  <testcase classname="GeneralaTest" name="fives" time="0"/>
  <testcase classname="GeneralaTest" name="largeStraight" time="0"/>
  <testcase classname="GeneralaTest" name="three_of_a_kind" time="0"/>
  <testcase classname="GeneralaTest" name="yatzy_scores_50" time="0"/>
  <testcase classname="GeneralaTest" name="two_Pair" time="0"/>
  <testcase classname="GeneralaTest" name="fours_test" time="0"/>
  <testcase classname="GeneralaTest" name="one_pair" time="0"/>
</testsuite>